Migrating to DeviseCreateUsers (20120324180135)
Migrating to AddUsernameToUsers (20120324180141)
Migrating to AddConfirmableToUsers (20120324180146)
Migrating to DeviseInvitableAddToUsers (20120324180206)
Migrating to CreateRailsAdminHistoriesTable (20120324180427)
Migrating to CreateProfiles (20120325164456)
Migrating to CreateFriendlyIdSlugs (20120325165235)
Migrating to CreatePeople (20120325173720)
Migrating to CreateMailboxer (20120414130215)
Migrating to CreateComments (20120414130232)
Migrating to CreateActivities (20120414131521)
Migrating to CreateVotes (20120414131848)
Migrating to CreateFavourites (20120414132114)
Migrating to CreateTaggables (20120414132450)
Migrating to CreateUserTypes (20120414195743)
Migrating to DeviseCreateUsers (20120324180135)
Migrating to AddUsernameToUsers (20120324180141)
Migrating to AddConfirmableToUsers (20120324180146)
Migrating to DeviseInvitableAddToUsers (20120324180206)
Migrating to CreateRailsAdminHistoriesTable (20120324180427)
Migrating to CreateProfiles (20120325164456)
Migrating to CreateFriendlyIdSlugs (20120325165235)
Migrating to CreatePeople (20120325173720)
Migrating to CreateMailboxer (20120414130215)
Migrating to CreateComments (20120414130232)
Migrating to CreateActivities (20120414131521)
Migrating to CreateVotes (20120414131848)
Migrating to CreateFavourites (20120414132114)
Migrating to CreateTaggables (20120414132450)
Migrating to CreateUserTypes (20120414195743)
Migrating to DeviseCreateUsers (20120324180135)
Migrating to AddUsernameToUsers (20120324180141)
Migrating to AddConfirmableToUsers (20120324180146)
Migrating to DeviseInvitableAddToUsers (20120324180206)
Migrating to CreateRailsAdminHistoriesTable (20120324180427)
Migrating to CreateProfiles (20120325164456)
Migrating to CreateFriendlyIdSlugs (20120325165235)
Migrating to CreatePeople (20120325173720)
Migrating to CreateMailboxer (20120414130215)
Migrating to CreateComments (20120414130232)
Migrating to CreateActivities (20120414131521)
Migrating to CreateVotes (20120414131848)
Migrating to CreateFavourites (20120414132114)
Migrating to CreateTaggables (20120414132450)
Migrating to CreateUserTypes (20120414195743)
Migrating to DeviseCreateUsers (20120324180135)
Migrating to AddUsernameToUsers (20120324180141)
Migrating to AddConfirmableToUsers (20120324180146)
Migrating to DeviseInvitableAddToUsers (20120324180206)
Migrating to CreateRailsAdminHistoriesTable (20120324180427)
Migrating to CreateProfiles (20120325164456)
Migrating to CreateFriendlyIdSlugs (20120325165235)
Migrating to CreatePeople (20120325173720)
Migrating to CreateMailboxer (20120414130215)
Migrating to CreateComments (20120414130232)
Migrating to CreateActivities (20120414131521)
Migrating to CreateVotes (20120414131848)
Migrating to CreateFavourites (20120414132114)
Migrating to CreateTaggables (20120414132450)
Migrating to CreateUserTypes (20120414195743)
Migrating to DeviseCreateUsers (20120324180135)
Migrating to AddUsernameToUsers (20120324180141)
Migrating to AddConfirmableToUsers (20120324180146)
Migrating to DeviseInvitableAddToUsers (20120324180206)
Migrating to CreateRailsAdminHistoriesTable (20120324180427)
Migrating to CreateProfiles (20120325164456)
Migrating to CreateFriendlyIdSlugs (20120325165235)
Migrating to CreatePeople (20120325173720)
Migrating to CreateMailboxer (20120414130215)
Migrating to CreateComments (20120414130232)
Migrating to CreateActivities (20120414131521)
Migrating to CreateVotes (20120414131848)
Migrating to CreateFavourites (20120414132114)
Migrating to CreateTaggables (20120414132450)
Migrating to CreateUserTypes (20120414195743)
Migrating to DeviseCreateUsers (20120324180135)
Migrating to AddUsernameToUsers (20120324180141)
Migrating to AddConfirmableToUsers (20120324180146)
Migrating to DeviseInvitableAddToUsers (20120324180206)
Migrating to CreateRailsAdminHistoriesTable (20120324180427)
Migrating to CreateProfiles (20120325164456)
Migrating to CreateFriendlyIdSlugs (20120325165235)
Migrating to CreatePeople (20120325173720)
Migrating to CreateMailboxer (20120414130215)
Migrating to CreateComments (20120414130232)
Migrating to CreateActivities (20120414131521)
Migrating to CreateVotes (20120414131848)
Migrating to CreateFavourites (20120414132114)
Migrating to CreateTaggables (20120414132450)
Migrating to CreateUserTypes (20120414195743)
Migrating to CreateRooms (20120415140623)
Migrating to CreateTopics (20120415140642)
Migrating to DeviseCreateUsers (20120324180135)
Migrating to AddUsernameToUsers (20120324180141)
Migrating to AddConfirmableToUsers (20120324180146)
Migrating to DeviseInvitableAddToUsers (20120324180206)
Migrating to CreateRailsAdminHistoriesTable (20120324180427)
Migrating to CreateProfiles (20120325164456)
Migrating to CreateFriendlyIdSlugs (20120325165235)
Migrating to CreatePeople (20120325173720)
Migrating to CreateMailboxer (20120414130215)
Migrating to CreateComments (20120414130232)
Migrating to CreateActivities (20120414131521)
Migrating to CreateVotes (20120414131848)
Migrating to CreateFavourites (20120414132114)
Migrating to CreateTaggables (20120414132450)
Migrating to CreateUserTypes (20120414195743)
Migrating to CreateRooms (20120415140623)
Migrating to CreateTopics (20120415140642)
Migrating to DeviseCreateUsers (20120324180135)
Migrating to AddUsernameToUsers (20120324180141)
Migrating to AddConfirmableToUsers (20120324180146)
Migrating to DeviseInvitableAddToUsers (20120324180206)
Migrating to CreateRailsAdminHistoriesTable (20120324180427)
Migrating to CreateProfiles (20120325164456)
Migrating to CreateFriendlyIdSlugs (20120325165235)
Migrating to CreatePeople (20120325173720)
Migrating to CreateMailboxer (20120414130215)
Migrating to CreateComments (20120414130232)
Migrating to CreateActivities (20120414131521)
Migrating to CreateVotes (20120414131848)
Migrating to CreateFavourites (20120414132114)
Migrating to CreateTaggables (20120414132450)
Migrating to CreateUserTypes (20120414195743)
Migrating to CreateRooms (20120415140623)
Migrating to CreateTopics (20120415140642)
Migrating to DeviseCreateUsers (20120324180135)
Migrating to AddUsernameToUsers (20120324180141)
Migrating to AddConfirmableToUsers (20120324180146)
Migrating to DeviseInvitableAddToUsers (20120324180206)
Migrating to CreateRailsAdminHistoriesTable (20120324180427)
Migrating to CreateProfiles (20120325164456)
Migrating to CreateFriendlyIdSlugs (20120325165235)
Migrating to CreatePeople (20120325173720)
Migrating to CreateMailboxer (20120414130215)
Migrating to CreateComments (20120414130232)
Migrating to CreateActivities (20120414131521)
Migrating to CreateVotes (20120414131848)
Migrating to CreateFavourites (20120414132114)
Migrating to CreateTaggables (20120414132450)
Migrating to CreateUserTypes (20120414195743)
Migrating to CreateRooms (20120415140623)
Migrating to CreateTopics (20120415140642)
Migrating to DeviseCreateUsers (20120324180135)
Migrating to AddUsernameToUsers (20120324180141)
Migrating to AddConfirmableToUsers (20120324180146)
Migrating to DeviseInvitableAddToUsers (20120324180206)
Migrating to CreateRailsAdminHistoriesTable (20120324180427)
Migrating to CreateProfiles (20120325164456)
Migrating to CreateFriendlyIdSlugs (20120325165235)
Migrating to CreatePeople (20120325173720)
Migrating to CreateMailboxer (20120414130215)
Migrating to CreateComments (20120414130232)
Migrating to CreateActivities (20120414131521)
Migrating to CreateVotes (20120414131848)
Migrating to CreateFavourites (20120414132114)
Migrating to CreateTaggables (20120414132450)
Migrating to CreateUserTypes (20120414195743)
Migrating to CreateRooms (20120415140623)
Migrating to CreateTopics (20120415140642)
Migrating to DeviseCreateUsers (20120324180135)
Migrating to AddUsernameToUsers (20120324180141)
Migrating to AddConfirmableToUsers (20120324180146)
Migrating to DeviseInvitableAddToUsers (20120324180206)
Migrating to CreateRailsAdminHistoriesTable (20120324180427)
Migrating to CreateProfiles (20120325164456)
Migrating to CreateFriendlyIdSlugs (20120325165235)
Migrating to CreatePeople (20120325173720)
Migrating to CreateMailboxer (20120414130215)
Migrating to CreateComments (20120414130232)
Migrating to CreateActivities (20120414131521)
Migrating to CreateVotes (20120414131848)
Migrating to CreateFavourites (20120414132114)
Migrating to CreateTaggables (20120414132450)
Migrating to CreateUserTypes (20120414195743)
Migrating to CreateRooms (20120415140623)
Migrating to CreateTopics (20120415140642)
